  pngtest.c
pngtest.obj : warning LNK4075: ignoring '/EDITANDCONTINUE' due to '/SAFESEH' specification
  pngtest.vcxproj -> E:\KCUWork\cvlib2_vs2015_161024\modules\cvlibbase\Src\png\projects\visualc71\.\Win32_LIB_Debug\Test\pngtest.exe
  pngtest.vcxproj -> .\Win32_LIB_Debug\Test\pngtest.pdb (Full PDB)
  
   Testing libpng version 1.6.22
     with zlib   version 1.2.8
  libpng version 1.6.22 - May 26, 2016      Copyright (c) 1998-2002,2004,2006-2016 Glenn Randers-Pehrson      Copyright (c) 1996-1997 Andreas Dilger      Copyright (c) 1995-1996 Guy Eric Schalnat, Group 42, Inc. library (10622): libpng version 1.6.22 - May 26, 2016
   pngtest (10622): libpng version 1.6.22 - May 26, 2016
  
   Testing ..\..\pngtest.png:Could not find input file ..\..\pngtest.png
  
   Testing ..\..\pngtest.png: FAIL
  
   Testing ..\..\pngtest.png:Could not find input file ..\..\pngtest.png
  
   Testing ..\..\pngtest.png: FAIL
  
   Testing ..\..\pngtest.png:Could not find input file ..\..\pngtest.png
   FAIL
   libpng FAILS test
   Default limits:
    width_max  = 1000000
    height_max = 1000000
    cache_max  = 1000
    malloc_max = 8000000
C:\Program Files (x86)\MSBuild\Microsoft.Cpp\v4.0\V140\Microsoft.CppCommon.targets(203,5): error MSB3073: The command "set path=.\Win32_LIB_Debug\Test\..;.\Win32_LIB_Debug\Test\..\ZLib
C:\Program Files (x86)\MSBuild\Microsoft.Cpp\v4.0\V140\Microsoft.CppCommon.targets(203,5): error MSB3073: E:\KCUWork\cvlib2_vs2015_161024\modules\cvlibbase\Src\png\projects\visualc71\.\Win32_LIB_Debug\Test\pngtest.exe ..\..\pngtest.png .\Win32_LIB_Debug\Test\pngout.png
C:\Program Files (x86)\MSBuild\Microsoft.Cpp\v4.0\V140\Microsoft.CppCommon.targets(203,5): error MSB3073: :VCEnd" exited with code 1.
